Creating CommonVoice Dataset - train split
config path:/home/afrumme1/CommonVoice_RIR/src/configs/create_overlapped_arabic_train_set_on_grid_config.json
music - Clipping will occur adding music! Predicted max value:1.08,music_linear_mult_factor:0.6678900129495869 uuid:e1e2c4c6-0fc0-48d3-abf1-5af5ed656c2c
music - Clipping will occur adding music! Predicted max value:1.14,music_linear_mult_factor:0.6411625659041528 uuid:4cdb7fdf-d538-42b6-9056-b836add94c89
music - Clipping will occur adding music! Predicted max value:1.03,music_linear_mult_factor:0.5221124563482736 uuid:ec505f1e-07dc-4cc1-90ea-bf9ce41953da
music - Clipping will occur adding music! Predicted max value:1.17,music_linear_mult_factor:0.6704039463599338 uuid:9a287cb0-23c0-4e9d-9709-22c7909e4bf9
music - Clipping will occur adding music! Predicted max value:1.01,music_linear_mult_factor:0.48895311781290224 uuid:49bc005f-7056-4b72-a23c-6305121ad69e
music - Clipping will occur adding music! Predicted max value:1.08,music_linear_mult_factor:0.5540240724565163 uuid:b16b69c2-af35-4349-903d-96dd19348841
music - Clipping will occur adding music! Predicted max value:1.35,music_linear_mult_factor:0.8245767924743095 uuid:d8367814-e820-467c-a752-c684a6791f38
music - Clipping will occur adding music! Predicted max value:1.34,music_linear_mult_factor:1.0678835933715138 uuid:7039e1f8-b69b-45a1-84e0-ce46eabb5328
music - Clipping will occur adding music! Predicted max value:1.14,music_linear_mult_factor:0.6625739840953571 uuid:2f2f91dc-b2b7-4434-8afc-196e977f8a0f
music - Clipping will occur adding music! Predicted max value:1.13,music_linear_mult_factor:2.9725230073079785 uuid:951ccaf4-5190-4130-b9a9-53f5094de85b
music - Clipping will occur adding music! Predicted max value:1.11,music_linear_mult_factor:0.6067443446832153 uuid:9565efa4-7dcd-4c57-a852-94026e4415b0
music - Clipping will occur adding music! Predicted max value:1.09,music_linear_mult_factor:0.5958477806798635 uuid:a1235435-196b-4f5a-b8cf-4fc709e50a84
music - Clipping will occur adding music! Predicted max value:1.16,music_linear_mult_factor:0.6724629700762262 uuid:d57f0485-4a8b-46c0-bd90-ec2abdcee5ba
music - Clipping will occur adding music! Predicted max value:1.02,music_linear_mult_factor:0.5162132614113943 uuid:92a24d21-b88b-4dab-889a-134f119bfd17
music - Clipping will occur adding music! Predicted max value:1.01,music_linear_mult_factor:0.5108615621842193 uuid:33a8b527-d3c0-4fa2-8e19-931f1e3e9940
music - Clipping will occur adding music! Predicted max value:1.06,music_linear_mult_factor:0.5413393650610694 uuid:d0bd9bb2-7ff9-4b4a-91a3-8e13f4ebd8b0
music - Clipping will occur adding music! Predicted max value:1.07,music_linear_mult_factor:0.5590369492028022 uuid:67412873-95b2-4664-a457-49968fd9d0dd
music - Clipping will occur adding music! Predicted max value:1.48,music_linear_mult_factor:0.9773438656734257 uuid:9a7eb38a-3a9a-4429-97dc-f26784d34e40
mixture_before_music_lufs:-20.886242651192784
mixture_power_before_music:0.005886105221116964
music_signal_power:0.00033382774563506246
mix2music_snr_linear:18.45911198313238
music_linear_mult_factor:0.9773438656734257
mix2music_snr_DB:12.66210804485027
ff_music_lufs:-32.53693194606295
music - Clipping will occur adding music! Predicted max value:1.06,music_linear_mult_factor:0.5558447895337236 uuid:c4f7e5b1-de1c-4cd9-aa1e-977422bfee41
music - Clipping will occur adding music! Predicted max value:1.05,music_linear_mult_factor:0.544850725536407 uuid:4092b32b-5153-4529-9c77-71a41d1f82ce
music - Clipping will occur adding music! Predicted max value:1.23,music_linear_mult_factor:0.7394900562336872 uuid:e2a5253f-95d9-472e-93f5-f430279f3266

Total Run Time: 27096.81 seconds
Total Run Time: 451.61 minutes
Total Run Time: 7.53 hours
