Mapping LDC Dataset
Warning: No 'Silent_Room' folder found for speaker S20 in /export/corpora5/LDC/LDC2014S02/data/Females/Session_1/S20. Skipping.
Warning: No 'Silent_Room' folder found for speaker S22 in /export/corpora5/LDC/LDC2014S02/data/Females/Session_1/S22. Skipping.
Warning: No 'Silent_Room' folder found for speaker S40 in /export/corpora5/LDC/LDC2014S02/data/Females/Session_1/S40. Skipping.
Warning: No 'Silent_Room' folder found for speaker S66 in /export/corpora5/LDC/LDC2014S02/data/Females/Session_1/S66. Skipping.
Warning: No 'Silent_Room' folder found for speaker S71 in /export/corpora5/LDC/LDC2014S02/data/Females/Session_1/S71. Skipping.
Warning: No 'Silent_Room' folder found for speaker S80 in /export/corpora5/LDC/LDC2014S02/data/Females/Session_1/S80. Skipping.
Warning: No 'Silent_Room' folder found for speaker S84 in /export/corpora5/LDC/LDC2014S02/data/Females/Session_1/S84. Skipping.
Warning: No 'Silent_Room' folder found for speaker S77 in /export/corpora5/LDC/LDC2014S02/data/Males/Session_1/S77. Skipping.
Warning: No 'Silent_Room' folder found for speaker S84 in /export/corpora5/LDC/LDC2014S02/data/Males/Session_1/S84. Skipping.
Warning: No 'Silent_Room' folder found for speaker S86 in /export/corpora5/LDC/LDC2014S02/data/Males/Session_1/S86. Skipping.
Warning: No 'Silent_Room' folder found for speaker S89 in /export/corpora5/LDC/LDC2014S02/data/Males/Session_1/S89. Skipping.
Warning: No 'Silent_Room' folder found for speaker S123 in /export/corpora5/LDC/LDC2014S02/data/Males/Session_1/S123. Skipping.
Warning: No 'Silent_Room' folder found for speaker S130 in /export/corpora5/LDC/LDC2014S02/data/Males/Session_1/S130. Skipping.
Warning: No 'Silent_Room' folder found for speaker S137 in /export/corpora5/LDC/LDC2014S02/data/Males/Session_1/S137. Skipping.
Warning: No 'Silent_Room' folder found for speaker S141 in /export/corpora5/LDC/LDC2014S02/data/Males/Session_1/S141. Skipping.
Warning: No 'Silent_Room' folder found for speaker S143 in /export/corpora5/LDC/LDC2014S02/data/Males/Session_1/S143. Skipping.
Warning: No 'Silent_Room' folder found for speaker NS152 in /export/corpora5/LDC/LDC2014S02/data/Males/Session_1/NS152. Skipping.
Warning: No 'Silent_Room' folder found for speaker NS154 in /export/corpora5/LDC/LDC2014S02/data/Males/Session_1/NS154. Skipping.
Warning: No 'Silent_Room' folder found for speaker NS264 in /export/corpora5/LDC/LDC2014S02/data/Males/Session_1/NS264. Skipping.
Warning: No 'Silent_Room' folder found for speaker S92 in /export/corpora5/LDC/LDC2014S02/data/Males/Session_3/S92. Skipping.
Warning: No 'Silent_Room' folder found for speaker S112 in /export/corpora5/LDC/LDC2014S02/data/Males/Session_3/S112. Skipping.
Warning: No 'Silent_Room' folder found for speaker S120 in /export/corpora5/LDC/LDC2014S02/data/Males/Session_3/S120. Skipping.
CSV file '/home/afrumme1/CommonVoice_RIR/csv_output/utterance_mapping.csv' created with 13518 utterance entries.
